Determining if the pthread_create exist failed with the following output:
Change Dir: /home/arijin/桌面/camera_detectx-ros/darknet-d/build/CMakeFiles/CMakeTmp

Run Build Command:"/usr/bin/make" "cmTC_ab1c8/fast"
/usr/bin/make -f CMakeFiles/cmTC_ab1c8.dir/build.make CMakeFiles/cmTC_ab1c8.dir/build
make[1]: 进入目录“/home/arijin/桌面/camera_detectx-ros/darknet-d/build/CMakeFiles/CMakeTmp”
Building C object CMakeFiles/cmTC_ab1c8.dir/CheckSymbolExists.c.o
/usr/bin/cc    -o CMakeFiles/cmTC_ab1c8.dir/CheckSymbolExists.c.o   -c /home/arijin/桌面/camera_detectx-ros/darknet-d/build/CMakeFiles/CMakeTmp/CheckSymbolExists.c
Linking C executable cmTC_ab1c8
/opt/cmake-3.12.0/bin/cmake -E cmake_link_script CMakeFiles/cmTC_ab1c8.dir/link.txt --verbose=1
/usr/bin/cc      -rdynamic CMakeFiles/cmTC_ab1c8.dir/CheckSymbolExists.c.o  -o cmTC_ab1c8 
CMakeFiles/cmTC_ab1c8.dir/CheckSymbolExists.c.o：在函数‘main’中：
CheckSymbolExists.c:(.text+0x1b)：对‘pthread_create’未定义的引用
collect2: error: ld returned 1 exit status
CMakeFiles/cmTC_ab1c8.dir/build.make:86: recipe for target 'cmTC_ab1c8' failed
make[1]: *** [cmTC_ab1c8] Error 1
make[1]: 离开目录“/home/arijin/桌面/camera_detectx-ros/darknet-d/build/CMakeFiles/CMakeTmp”
Makefile:121: recipe for target 'cmTC_ab1c8/fast' failed
make: *** [cmTC_ab1c8/fast] Error 2

File /home/arijin/桌面/camera_detectx-ros/darknet-d/build/CMakeFiles/CMakeTmp/CheckSymbolExists.c:
/* */
#include <pthread.h>

int main(int argc, char** argv)
{
  (void)argv;
#ifndef pthread_create
  return ((int*)(&pthread_create))[argc];
#else
  (void)argc;
  return 0;
#endif
}

Determining if the function pthread_create exists in the pthreads failed with the following output:
Change Dir: /home/arijin/桌面/camera_detectx-ros/darknet-d/build/CMakeFiles/CMakeTmp

Run Build Command:"/usr/bin/make" "cmTC_6fbb9/fast"
/usr/bin/make -f CMakeFiles/cmTC_6fbb9.dir/build.make CMakeFiles/cmTC_6fbb9.dir/build
make[1]: 进入目录“/home/arijin/桌面/camera_detectx-ros/darknet-d/build/CMakeFiles/CMakeTmp”
Building C object CMakeFiles/cmTC_6fbb9.dir/CheckFunctionExists.c.o
/usr/bin/cc   -DCHECK_FUNCTION_EXISTS=pthread_create   -o CMakeFiles/cmTC_6fbb9.dir/CheckFunctionExists.c.o   -c /opt/cmake-3.12.0/share/cmake-3.12/Modules/CheckFunctionExists.c
Linking C executable cmTC_6fbb9
/opt/cmake-3.12.0/bin/cmake -E cmake_link_script CMakeFiles/cmTC_6fbb9.dir/link.txt --verbose=1
/usr/bin/cc  -DCHECK_FUNCTION_EXISTS=pthread_create    -rdynamic CMakeFiles/cmTC_6fbb9.dir/CheckFunctionExists.c.o  -o cmTC_6fbb9 -lpthreads 
/usr/bin/ld: 找不到 -lpthreads
collect2: error: ld returned 1 exit status
CMakeFiles/cmTC_6fbb9.dir/build.make:86: recipe for target 'cmTC_6fbb9' failed
make[1]: *** [cmTC_6fbb9] Error 1
make[1]: 离开目录“/home/arijin/桌面/camera_detectx-ros/darknet-d/build/CMakeFiles/CMakeTmp”
Makefile:121: recipe for target 'cmTC_6fbb9/fast' failed
make: *** [cmTC_6fbb9/fast] Error 2


